04/09/2019 13:13:23 (Std) 	+-+-+-+-+-+-+-+-+-+-+-+-+-+-+-+-+-+-+-+-+-+-+-+-+-+-+-+-+-+-+-+-+-+-+-+-+-+-+-+
04/09/2019 13:13:23 (Std) 	+                     Crazy Eddie's GUI System - Event log                    +
04/09/2019 13:13:23 (Std) 	+                          (http://www.cegui.org.uk/)                         +
04/09/2019 13:13:23 (Std) 	+-+-+-+-+-+-+-+-+-+-+-+-+-+-+-+-+-+-+-+-+-+-+-+-+-+-+-+-+-+-+-+-+-+-+-+-+-+-+-+

04/09/2019 13:13:23 (Std) 	CEGUI::Logger singleton created. (0000020340173B50)
04/09/2019 13:13:23 (Std) 	
04/09/2019 13:13:23 (Std) 	********************************************************************************
04/09/2019 13:13:23 (Std) 	* Important:                                                                   *
04/09/2019 13:13:23 (Std) 	*     To get support at the CEGUI forums, you must post _at least_ the section *
04/09/2019 13:13:23 (Std) 	*     of this log file indicated below.  Failure to do this will result in no  *
04/09/2019 13:13:23 (Std) 	*     support being given; please do not waste our time.                       *
04/09/2019 13:13:23 (Std) 	********************************************************************************
04/09/2019 13:13:23 (Std) 	********************************************************************************
04/09/2019 13:13:23 (Std) 	* -------- START OF ESSENTIAL SECTION TO BE POSTED ON THE FORUM       -------- *
04/09/2019 13:13:23 (Std) 	********************************************************************************
04/09/2019 13:13:23 (Std) 	---- Version: 0.8.7 (Build: Nov 20 2018 Microsoft Windows MSVC++ Unknown MSVC++ version 64 bit) ----
04/09/2019 13:13:23 (Std) 	---- Renderer module is: CEGUI::OpenGL3Renderer - Official OpenGL 3.2 core based renderer module.  TextureTarget support enabled via FBO OGL 3.2 core implementation. ----
04/09/2019 13:13:23 (Std) 	---- XML Parser module is: CEGUI::ExpatParser - Official expat based parser module for CEGUI ----
04/09/2019 13:13:23 (Std) 	---- Image Codec module is: SILLYImageCodec - Official SILLY based image codec ----
04/09/2019 13:13:23 (Std) 	---- Scripting module is: None ----
04/09/2019 13:13:23 (Std) 	********************************************************************************
04/09/2019 13:13:23 (Std) 	* -------- END OF ESSENTIAL SECTION TO BE POSTED ON THE FORUM         -------- *
04/09/2019 13:13:23 (Std) 	********************************************************************************
04/09/2019 13:13:23 (Std) 	
04/09/2019 13:13:23 (Std) 	---- Begining CEGUI System initialisation ----
04/09/2019 13:13:23 (Std) 	[CEGUI::ImageManager] Singleton created (000002033E701E50)
04/09/2019 13:13:23 (Std) 	[CEGUI::ImageManager] Registered Image type: BasicImage
04/09/2019 13:13:23 (Std) 	CEGUI::FontManager singleton created. (0000020340059B40)
04/09/2019 13:13:23 (Std) 	CEGUI::WindowFactoryManager singleton created
04/09/2019 13:13:23 (Std) 	CEGUI::WindowManager singleton created (000002033E8F0370)
04/09/2019 13:13:23 (Std) 	CEGUI::SchemeManager singleton created. (000002034005AE00)
04/09/2019 13:13:23 (Std) 	CEGUI::GlobalEventSet singleton created. (000002033E6D2B30)
04/09/2019 13:13:23 (Std) 	CEGUI::AnimationManager singleton created (00000203401746A0)
04/09/2019 13:13:23 (Std) 	CEGUI::WidgetLookManager singleton created. (000002034015EAF0)
04/09/2019 13:13:23 (Std) 	CEGUI::WindowRendererManager singleton created (000002034015F090)
04/09/2019 13:13:23 (Std) 	CEGUI::RenderEffectManager singleton created (000002033E6D24D0)
04/09/2019 13:13:23 (Std) 	Created WindowFactory for 'DefaultWindow' windows.
04/09/2019 13:13:23 (Std) 	WindowFactory for 'DefaultWindow' windows added. (000002034019C780)
04/09/2019 13:13:23 (Std) 	Created WindowFactory for 'DragContainer' windows.
04/09/2019 13:13:23 (Std) 	WindowFactory for 'DragContainer' windows added. (000002034019C0C0)
04/09/2019 13:13:23 (Std) 	Created WindowFactory for 'ScrolledContainer' windows.
04/09/2019 13:13:23 (Std) 	WindowFactory for 'ScrolledContainer' windows added. (000002034019BA00)
04/09/2019 13:13:23 (Std) 	Created WindowFactory for 'ClippedContainer' windows.
04/09/2019 13:13:23 (Std) 	WindowFactory for 'ClippedContainer' windows added. (000002034019CF00)
04/09/2019 13:13:23 (Std) 	Created WindowFactory for 'CEGUI/PushButton' windows.
04/09/2019 13:13:23 (Std) 	WindowFactory for 'CEGUI/PushButton' windows added. (000002034019C300)
04/09/2019 13:13:23 (Std) 	Created WindowFactory for 'CEGUI/RadioButton' windows.
04/09/2019 13:13:23 (Std) 	WindowFactory for 'CEGUI/RadioButton' windows added. (000002034019C840)
04/09/2019 13:13:23 (Std) 	Created WindowFactory for 'CEGUI/Combobox' windows.
04/09/2019 13:13:23 (Std) 	WindowFactory for 'CEGUI/Combobox' windows added. (000002034019C000)
04/09/2019 13:13:23 (Std) 	Created WindowFactory for 'CEGUI/ComboDropList' windows.
04/09/2019 13:13:23 (Std) 	WindowFactory for 'CEGUI/ComboDropList' windows added. (000002034019D5C0)
04/09/2019 13:13:23 (Std) 	Created WindowFactory for 'CEGUI/Editbox' windows.
04/09/2019 13:13:23 (Std) 	WindowFactory for 'CEGUI/Editbox' windows added. (000002034019D2C0)
04/09/2019 13:13:23 (Std) 	Created WindowFactory for 'CEGUI/FrameWindow' windows.
04/09/2019 13:13:23 (Std) 	WindowFactory for 'CEGUI/FrameWindow' windows added. (000002034019BAC0)
04/09/2019 13:13:23 (Std) 	Created WindowFactory for 'CEGUI/ItemEntry' windows.
04/09/2019 13:13:23 (Std) 	WindowFactory for 'CEGUI/ItemEntry' windows added. (000002034019C180)
04/09/2019 13:13:23 (Std) 	Created WindowFactory for 'CEGUI/Listbox' windows.
04/09/2019 13:13:23 (Std) 	WindowFactory for 'CEGUI/Listbox' windows added. (000002034019D680)
04/09/2019 13:13:23 (Std) 	Created WindowFactory for 'CEGUI/ListHeader' windows.
04/09/2019 13:13:23 (Std) 	WindowFactory for 'CEGUI/ListHeader' windows added. (000002034019CE40)
04/09/2019 13:13:23 (Std) 	Created WindowFactory for 'CEGUI/ListHeaderSegment' windows.
04/09/2019 13:13:23 (Std) 	WindowFactory for 'CEGUI/ListHeaderSegment' windows added. (000002034019C3C0)
04/09/2019 13:13:23 (Std) 	Created WindowFactory for 'CEGUI/Menubar' windows.
04/09/2019 13:13:23 (Std) 	WindowFactory for 'CEGUI/Menubar' windows added. (000002034019CC00)
04/09/2019 13:13:23 (Std) 	Created WindowFactory for 'CEGUI/PopupMenu' windows.
04/09/2019 13:13:23 (Std) 	WindowFactory for 'CEGUI/PopupMenu' windows added. (000002034019C900)
04/09/2019 13:13:23 (Std) 	Created WindowFactory for 'CEGUI/MenuItem' windows.
04/09/2019 13:13:23 (Std) 	WindowFactory for 'CEGUI/MenuItem' windows added. (000002034019D380)
04/09/2019 13:13:23 (Std) 	Created WindowFactory for 'CEGUI/MultiColumnList' windows.
04/09/2019 13:13:23 (Std) 	WindowFactory for 'CEGUI/MultiColumnList' windows added. (000002034019B7C0)
04/09/2019 13:13:23 (Std) 	Created WindowFactory for 'CEGUI/MultiLineEditbox' windows.
04/09/2019 13:13:23 (Std) 	WindowFactory for 'CEGUI/MultiLineEditbox' windows added. (000002034019B880)
04/09/2019 13:13:23 (Std) 	Created WindowFactory for 'CEGUI/ProgressBar' windows.
04/09/2019 13:13:23 (Std) 	WindowFactory for 'CEGUI/ProgressBar' windows added. (000002034019BC40)
04/09/2019 13:13:23 (Std) 	Created WindowFactory for 'CEGUI/ScrollablePane' windows.
04/09/2019 13:13:23 (Std) 	WindowFactory for 'CEGUI/ScrollablePane' windows added. (000002034019C480)
04/09/2019 13:13:23 (Std) 	Created WindowFactory for 'CEGUI/Scrollbar' windows.
04/09/2019 13:13:23 (Std) 	WindowFactory for 'CEGUI/Scrollbar' windows added. (000002034019BD00)
04/09/2019 13:13:23 (Std) 	Created WindowFactory for 'CEGUI/Slider' windows.
04/09/2019 13:13:23 (Std) 	WindowFactory for 'CEGUI/Slider' windows added. (000002034019BDC0)
04/09/2019 13:13:23 (Std) 	Created WindowFactory for 'CEGUI/Spinner' windows.
04/09/2019 13:13:23 (Std) 	WindowFactory for 'CEGUI/Spinner' windows added. (000002034019BE80)
04/09/2019 13:13:23 (Std) 	Created WindowFactory for 'CEGUI/TabButton' windows.
04/09/2019 13:13:23 (Std) 	WindowFactory for 'CEGUI/TabButton' windows added. (000002034019C9C0)
04/09/2019 13:13:23 (Std) 	Created WindowFactory for 'CEGUI/TabControl' windows.
04/09/2019 13:13:23 (Std) 	WindowFactory for 'CEGUI/TabControl' windows added. (000002034019CB40)
04/09/2019 13:13:23 (Std) 	Created WindowFactory for 'CEGUI/Thumb' windows.
04/09/2019 13:13:23 (Std) 	WindowFactory for 'CEGUI/Thumb' windows added. (000002034019C540)
04/09/2019 13:13:23 (Std) 	Created WindowFactory for 'CEGUI/Titlebar' windows.
04/09/2019 13:13:23 (Std) 	WindowFactory for 'CEGUI/Titlebar' windows added. (000002034019CCC0)
04/09/2019 13:13:23 (Std) 	Created WindowFactory for 'CEGUI/ToggleButton' windows.
04/09/2019 13:13:23 (Std) 	WindowFactory for 'CEGUI/ToggleButton' windows added. (000002034019CD80)
04/09/2019 13:13:23 (Std) 	Created WindowFactory for 'CEGUI/Tooltip' windows.
04/09/2019 13:13:23 (Std) 	WindowFactory for 'CEGUI/Tooltip' windows added. (000002034019BF40)
04/09/2019 13:13:23 (Std) 	Created WindowFactory for 'CEGUI/ItemListbox' windows.
04/09/2019 13:13:23 (Std) 	WindowFactory for 'CEGUI/ItemListbox' windows added. (00000203401A2950)
04/09/2019 13:13:23 (Std) 	Created WindowFactory for 'CEGUI/GroupBox' windows.
04/09/2019 13:13:23 (Std) 	WindowFactory for 'CEGUI/GroupBox' windows added. (00000203401A2A10)
04/09/2019 13:13:23 (Std) 	Created WindowFactory for 'CEGUI/Tree' windows.
04/09/2019 13:13:23 (Std) 	WindowFactory for 'CEGUI/Tree' windows added. (00000203401A2890)
04/09/2019 13:13:23 (Std) 	Created WindowFactory for 'LayoutCell' windows.
04/09/2019 13:13:23 (Std) 	WindowFactory for 'LayoutCell' windows added. (00000203401A2C50)
04/09/2019 13:13:23 (Std) 	Created WindowFactory for 'HorizontalLayoutContainer' windows.
04/09/2019 13:13:23 (Std) 	WindowFactory for 'HorizontalLayoutContainer' windows added. (00000203401A1B10)
04/09/2019 13:13:23 (Std) 	Created WindowFactory for 'VerticalLayoutContainer' windows.
04/09/2019 13:13:23 (Std) 	WindowFactory for 'VerticalLayoutContainer' windows added. (00000203401A3910)
04/09/2019 13:13:23 (Std) 	Created WindowFactory for 'GridLayoutContainer' windows.
04/09/2019 13:13:23 (Std) 	WindowFactory for 'GridLayoutContainer' windows added. (00000203401A2050)
04/09/2019 13:13:23 (Std) 	CEGUI::System singleton created. (0000020340173890)
04/09/2019 13:13:23 (Std) 	---- CEGUI System initialisation completed ----
04/09/2019 13:13:23 (Std) 	
04/09/2019 13:13:23 (Std) 	Started creation of Scheme from XML specification:
04/09/2019 13:13:23 (Std) 	---- CEGUI GUIScheme name: DarkHiro
04/09/2019 13:13:23 (Std) 	[ImageManager] Started creation of Imageset from XML specification:
04/09/2019 13:13:23 (Std) 	[ImageManager] ---- CEGUI Imageset name: DarkHiroImg
04/09/2019 13:13:23 (Std) 	[ImageManager] ---- Source texture file: DarkHiro.png
04/09/2019 13:13:23 (Std) 	[ImageManager] ---- Source texture resource group: (Default)
04/09/2019 13:13:23 (Std) 	[OpenGLRenderer] Created texture: DarkHiroImg
04/09/2019 13:13:23 (Std) 	[ImageManager] Created image: 'DarkHiroImg/FrameControlTR' (0000020340066A80) of type: BasicImage
04/09/2019 13:13:23 (Std) 	[ImageManager] Created image: 'DarkHiroImg/FrameControlM' (0000020340066CC0) of type: BasicImage
04/09/2019 13:13:23 (Std) 	[ImageManager] Created image: 'DarkHiroImg/FrameControlT' (0000020340067260) of type: BasicImage
04/09/2019 13:13:23 (Std) 	[ImageManager] Created image: 'DarkHiroImg/FrameControlR' (0000020340067140) of type: BasicImage
04/09/2019 13:13:23 (Std) 	[ImageManager] Created image: 'DarkHiroImg/FrameControlL' (00000203400674A0) of type: BasicImage
04/09/2019 13:13:23 (Std) 	[ImageManager] Created image: 'DarkHiroImg/FrameControlBL' (00000203400675C0) of type: BasicImage
04/09/2019 13:13:23 (Std) 	[ImageManager] Created image: 'DarkHiroImg/FrameControlB' (000002034017DF60) of type: BasicImage
04/09/2019 13:13:23 (Std) 	[ImageManager] Created image: 'DarkHiroImg/FrameControlTL' (000002034017C8E0) of type: BasicImage
04/09/2019 13:13:23 (Std) 	[ImageManager] Created image: 'DarkHiroImg/FrameControlBR' (000002034017E3E0) of type: BasicImage
04/09/2019 13:13:23 (Std) 	[ImageManager] Created image: 'DarkHiroImg/FrameNormalTR' (000002034017D8A0) of type: BasicImage
04/09/2019 13:13:23 (Std) 	[ImageManager] Created image: 'DarkHiroImg/FrameNormalM' (000002034017CE80) of type: BasicImage
04/09/2019 13:13:23 (Std) 	[ImageManager] Created image: 'DarkHiroImg/FrameNormalT' (000002034017D300) of type: BasicImage
04/09/2019 13:13:23 (Std) 	[ImageManager] Created image: 'DarkHiroImg/FrameNormalR' (000002034017CB20) of type: BasicImage
04/09/2019 13:13:23 (Std) 	[ImageManager] Created image: 'DarkHiroImg/FrameNormalL' (000002034017E2C0) of type: BasicImage
04/09/2019 13:13:23 (Std) 	[ImageManager] Created image: 'DarkHiroImg/FrameNormalBL' (000002034017C580) of type: BasicImage
04/09/2019 13:13:23 (Std) 	[ImageManager] Created image: 'DarkHiroImg/FrameNormalB' (000002034017C6A0) of type: BasicImage
04/09/2019 13:13:23 (Std) 	[ImageManager] Created image: 'DarkHiroImg/FrameNormalTL' (000002034017CA00) of type: BasicImage
04/09/2019 13:13:23 (Std) 	[ImageManager] Created image: 'DarkHiroImg/FrameNormalBR' (000002034017E080) of type: BasicImage
04/09/2019 13:13:23 (Std) 	[ImageManager] Created image: 'DarkHiroImg/FramePushedTR' (000002034017DAE0) of type: BasicImage
04/09/2019 13:13:23 (Std) 	[ImageManager] Created image: 'DarkHiroImg/FramePushedM' (000002034017CC40) of type: BasicImage
04/09/2019 13:13:23 (Std) 	[ImageManager] Created image: 'DarkHiroImg/FramePushedT' (000002034017DC00) of type: BasicImage
04/09/2019 13:13:23 (Std) 	[ImageManager] Created image: 'DarkHiroImg/FramePushedR' (000002034017CD60) of type: BasicImage
04/09/2019 13:13:23 (Std) 	[ImageManager] Created image: 'DarkHiroImg/FramePushedL' (000002034017D420) of type: BasicImage
04/09/2019 13:13:23 (Std) 	[ImageManager] Created image: 'DarkHiroImg/FramePushedBL' (000002034017E1A0) of type: BasicImage
04/09/2019 13:13:23 (Std) 	[ImageManager] Created image: 'DarkHiroImg/FramePushedB' (000002034017DD20) of type: BasicImage
04/09/2019 13:13:23 (Std) 	[ImageManager] Created image: 'DarkHiroImg/FramePushedTL' (000002034017D540) of type: BasicImage
04/09/2019 13:13:23 (Std) 	[ImageManager] Created image: 'DarkHiroImg/FramePushedBR' (000002034017D660) of type: BasicImage
04/09/2019 13:13:23 (Std) 	[ImageManager] Created image: 'DarkHiroImg/CheckboxNormal' (000002034017D0C0) of type: BasicImage
04/09/2019 13:13:23 (Std) 	[ImageManager] Created image: 'DarkHiroImg/SlideHandleNormal' (000002034017C7C0) of type: BasicImage
04/09/2019 13:13:23 (Std) 	[ImageManager] Created image: 'DarkHiroImg/ScrollArrowRight' (000002034017D780) of type: BasicImage
04/09/2019 13:13:23 (Std) 	[ImageManager] Created image: 'DarkHiroImg/ScrollArrowLeft' (000002034017CFA0) of type: BasicImage
04/09/2019 13:13:23 (Std) 	[ImageManager] Created image: 'DarkHiroImg/ScrollArrowUp' (000002034017D9C0) of type: BasicImage
04/09/2019 13:13:23 (Std) 	[ImageManager] Created image: 'DarkHiroImg/ScrollArrowDown' (000002034017DE40) of type: BasicImage
04/09/2019 13:13:23 (Std) 	[ImageManager] Created image: 'DarkHiroImg/SlideHorL' (000002034017D1E0) of type: BasicImage
04/09/2019 13:13:23 (Std) 	[ImageManager] Created image: 'DarkHiroImg/SlideHorR' (00000203401914B0) of type: BasicImage
04/09/2019 13:13:23 (Std) 	[ImageManager] Created image: 'DarkHiroImg/SlideHorM' (0000020340193310) of type: BasicImage
04/09/2019 13:13:23 (Std) 	[ImageManager] Created image: 'DarkHiroImg/ArrowDown' (0000020340191A50) of type: BasicImage
04/09/2019 13:13:23 (Std) 	[ImageManager] Created image: 'DarkHiroImg/ArrowDown_copy' (00000203401930D0) of type: BasicImage
04/09/2019 13:13:23 (Std) 	[ImageManager] Created image: 'DarkHiroImg/BrushWhite' (0000020340192D70) of type: BasicImage
04/09/2019 13:13:23 (Std) 	[ImageManager] Created image: 'DarkHiroImg/WaitCircle' (00000203401915D0) of type: BasicImage
04/09/2019 13:13:23 (Std) 	[ImageManager] Created image: 'DarkHiroImg/CheckboxHover' (00000203401927D0) of type: BasicImage
04/09/2019 13:13:23 (Std) 	[ImageManager] Created image: 'DarkHiroImg/CheckMark' (0000020340191930) of type: BasicImage
04/09/2019 13:13:23 (Std) 	[ImageManager] Created image: 'DarkHiroImg/FrameWhiteR' (0000020340191FF0) of type: BasicImage
04/09/2019 13:13:23 (Std) 	[ImageManager] Created image: 'DarkHiroImg/FrameWhiteM' (00000203401931F0) of type: BasicImage
04/09/2019 13:13:23 (Std) 	[ImageManager] Created image: 'DarkHiroImg/FrameWhiteTL' (0000020340192470) of type: BasicImage
04/09/2019 13:13:23 (Std) 	[ImageManager] Created image: 'DarkHiroImg/FrameWhiteT' (0000020340192FB0) of type: BasicImage
04/09/2019 13:13:23 (Std) 	[ImageManager] Created image: 'DarkHiroImg/FrameWhiteBR' (00000203401916F0) of type: BasicImage
04/09/2019 13:13:23 (Std) 	[ImageManager] Created image: 'DarkHiroImg/FrameWhiteBL' (0000020340192110) of type: BasicImage
04/09/2019 13:13:23 (Std) 	[ImageManager] Created image: 'DarkHiroImg/FrameWhiteTR' (0000020340191810) of type: BasicImage
04/09/2019 13:13:23 (Std) 	[ImageManager] Created image: 'DarkHiroImg/FrameWhiteL' (0000020340191B70) of type: BasicImage
04/09/2019 13:13:23 (Std) 	[ImageManager] Created image: 'DarkHiroImg/FrameWhiteB' (0000020340192A10) of type: BasicImage
04/09/2019 13:13:23 (Std) 	[ImageManager] Created image: 'DarkHiroImg/ToggleMarkLeft' (0000020340192E90) of type: BasicImage
04/09/2019 13:13:23 (Std) 	[ImageManager] Created image: 'DarkHiroImg/ToggleBar' (00000203401928F0) of type: BasicImage
04/09/2019 13:13:23 (Std) 	[ImageManager] Created image: 'DarkHiroImg/ToggleMarkRight' (0000020340192230) of type: BasicImage
04/09/2019 13:13:23 (Std) 	[ImageManager] Started creation of Imageset from XML specification:
04/09/2019 13:13:23 (Std) 	[ImageManager] ---- CEGUI Imageset name: Icons
04/09/2019 13:13:23 (Std) 	[ImageManager] ---- Source texture file: icons.png
04/09/2019 13:13:23 (Std) 	[ImageManager] ---- Source texture resource group: (Default)
04/09/2019 13:13:23 (Std) 	[OpenGLRenderer] Created texture: Icons
04/09/2019 13:13:23 (Std) 	[ImageManager] Created image: 'Icons/edit' (0000020340192350) of type: BasicImage
04/09/2019 13:13:23 (Std) 	[ImageManager] Created image: 'Icons/back' (0000020340191C90) of type: BasicImage
04/09/2019 13:13:23 (Std) 	[ImageManager] Created image: 'Icons/zoom' (0000020340191DB0) of type: BasicImage
04/09/2019 13:13:23 (Std) 	[ImageManager] Created image: 'Icons/close' (0000020340192590) of type: BasicImage
04/09/2019 13:13:23 (Std) 	[ImageManager] Created image: 'Icons/config' (0000020340191ED0) of type: BasicImage
04/09/2019 13:13:23 (Std) 	[ImageManager] Created image: 'Icons/up' (00000203401926B0) of type: BasicImage
04/09/2019 13:13:23 (Std) 	[ImageManager] Created image: 'Icons/down' (0000020340192B30) of type: BasicImage
04/09/2019 13:13:23 (Std) 	[ImageManager] Created image: 'Icons/pin' (0000020340192C50) of type: BasicImage
04/09/2019 13:13:23 (Std) 	[ImageManager] Created image: 'Icons/directory' (00000203401A47F0) of type: BasicImage
04/09/2019 13:13:23 (Std) 	[ImageManager] Created image: 'Icons/settings' (00000203401A5570) of type: BasicImage
04/09/2019 13:13:23 (Std) 	[ImageManager] Created image: 'Icons/info' (00000203401A3EF0) of type: BasicImage
04/09/2019 13:13:23 (Std) 	[ImageManager] Created image: 'Icons/home' (00000203401A5330) of type: BasicImage
04/09/2019 13:13:23 (Std) 	[ImageManager] Created image: 'Icons/right' (00000203401A4D90) of type: BasicImage
04/09/2019 13:13:23 (Std) 	[ImageManager] Created image: 'Icons/left' (00000203401A4B50) of type: BasicImage
04/09/2019 13:13:23 (Std) 	[ImageManager] Created image: 'Icons/camera' (00000203401A4910) of type: BasicImage
04/09/2019 13:13:23 (Std) 	[ImageManager] Created image: 'Icons/poweroff' (00000203401A4A30) of type: BasicImage
04/09/2019 13:13:23 (Std) 	[ImageManager] Created image: 'Icons/save' (00000203401A4EB0) of type: BasicImage
04/09/2019 13:13:23 (Std) 	[ImageManager] Created image: 'Icons/sel_all' (00000203401A4250) of type: BasicImage
04/09/2019 13:13:23 (Std) 	[ImageManager] Created image: 'Icons/cube' (00000203401A4FD0) of type: BasicImage
04/09/2019 13:13:23 (Std) 	[ImageManager] Created image: 'Icons/stop' (00000203401A46D0) of type: BasicImage
04/09/2019 13:13:23 (Std) 	[ImageManager] Created image: 'Icons/pause' (00000203401A4C70) of type: BasicImage
04/09/2019 13:13:23 (Std) 	[ImageManager] Created image: 'Icons/file' (00000203401A5450) of type: BasicImage
04/09/2019 13:13:23 (Std) 	[ImageManager] Created image: 'Icons/sync' (00000203401A50F0) of type: BasicImage
04/09/2019 13:13:23 (Std) 	[ImageManager] Created image: 'Icons/add' (00000203401A4490) of type: BasicImage
04/09/2019 13:13:23 (Std) 	[ImageManager] Created image: 'Icons/download' (00000203401A5210) of type: BasicImage
04/09/2019 13:13:23 (Std) 	[ImageManager] Created image: 'Icons/upload' (00000203401A4010) of type: BasicImage
04/09/2019 13:13:23 (Std) 	[ImageManager] Created image: 'Icons/sel_none' (00000203401A45B0) of type: BasicImage
04/09/2019 13:13:23 (Std) 	[ImageManager] Created image: 'Icons/remove' (00000203401A5690) of type: BasicImage
04/09/2019 13:13:23 (Std) 	[ImageManager] Started creation of Imageset from XML specification:
04/09/2019 13:13:23 (Std) 	[ImageManager] ---- CEGUI Imageset name: Icons16px
04/09/2019 13:13:23 (Std) 	[ImageManager] ---- Source texture file: icons-16px.png
04/09/2019 13:13:23 (Std) 	[ImageManager] ---- Source texture resource group: (Default)
04/09/2019 13:13:23 (Std) 	[OpenGLRenderer] Created texture: Icons16px
04/09/2019 13:13:23 (Std) 	[ImageManager] Created image: 'Icons16px/edit' (00000203401A57B0) of type: BasicImage
04/09/2019 13:13:23 (Std) 	[ImageManager] Created image: 'Icons16px/back' (00000203401A4370) of type: BasicImage
04/09/2019 13:13:23 (Std) 	[ImageManager] Created image: 'Icons16px/zoom' (00000203401A58D0) of type: BasicImage
04/09/2019 13:13:23 (Std) 	[ImageManager] Created image: 'Icons16px/close' (00000203401A59F0) of type: BasicImage
04/09/2019 13:13:23 (Std) 	[ImageManager] Created image: 'Icons16px/config' (00000203401A5B10) of type: BasicImage
04/09/2019 13:13:23 (Std) 	[ImageManager] Created image: 'Icons16px/up' (00000203401A3DD0) of type: BasicImage
04/09/2019 13:13:23 (Std) 	[ImageManager] Created image: 'Icons16px/down' (00000203401A3CB0) of type: BasicImage
04/09/2019 13:13:23 (Std) 	[ImageManager] Created image: 'Icons16px/pin' (00000203401A4130) of type: BasicImage
04/09/2019 13:13:23 (Std) 	[ImageManager] Created image: 'Icons16px/directory' (00000203401E10A0) of type: BasicImage
04/09/2019 13:13:23 (Std) 	[ImageManager] Created image: 'Icons16px/settings' (00000203401E0440) of type: BasicImage
04/09/2019 13:13:23 (Std) 	[ImageManager] Created image: 'Icons16px/info' (00000203401E1D00) of type: BasicImage
04/09/2019 13:13:23 (Std) 	[ImageManager] Created image: 'Icons16px/home' (00000203401E1760) of type: BasicImage
04/09/2019 13:13:23 (Std) 	[ImageManager] Created image: 'Icons16px/right' (00000203401DFFC0) of type: BasicImage
04/09/2019 13:13:23 (Std) 	[ImageManager] Created image: 'Icons16px/left' (00000203401E0E60) of type: BasicImage
04/09/2019 13:13:23 (Std) 	[ImageManager] Created image: 'Icons16px/camera' (00000203401E1BE0) of type: BasicImage
04/09/2019 13:13:23 (Std) 	[ImageManager] Created image: 'Icons16px/poweroff' (00000203401E0560) of type: BasicImage
04/09/2019 13:13:23 (Std) 	[ImageManager] Created image: 'Icons16px/save' (00000203401E0F80) of type: BasicImage
04/09/2019 13:13:23 (Std) 	[ImageManager] Created image: 'Icons16px/sel_all' (00000203401E0680) of type: BasicImage
04/09/2019 13:13:23 (Std) 	[ImageManager] Created image: 'Icons16px/cube' (00000203401E1640) of type: BasicImage
04/09/2019 13:13:23 (Std) 	[ImageManager] Created image: 'Icons16px/stop' (00000203401E0D40) of type: BasicImage
04/09/2019 13:13:23 (Std) 	[ImageManager] Created image: 'Icons16px/pause' (00000203401E1AC0) of type: BasicImage
04/09/2019 13:13:23 (Std) 	[ImageManager] Created image: 'Icons16px/file' (00000203401E1520) of type: BasicImage
04/09/2019 13:13:23 (Std) 	[ImageManager] Created image: 'Icons16px/sync' (00000203401E1400) of type: BasicImage
04/09/2019 13:13:23 (Std) 	[ImageManager] Created image: 'Icons16px/add' (00000203401E08C0) of type: BasicImage
04/09/2019 13:13:23 (Std) 	[ImageManager] Created image: 'Icons16px/download' (00000203401E1880) of type: BasicImage
04/09/2019 13:13:23 (Std) 	[ImageManager] Created image: 'Icons16px/upload' (00000203401E11C0) of type: BasicImage
04/09/2019 13:13:23 (Std) 	[ImageManager] Created image: 'Icons16px/sel_none' (00000203401E12E0) of type: BasicImage
04/09/2019 13:13:23 (Std) 	[ImageManager] Created image: 'Icons16px/remove' (00000203401E00E0) of type: BasicImage
04/09/2019 13:13:23 (Std) 	[ImageManager] Created image: 'Icons16px/check' (00000203401E07A0) of type: BasicImage
04/09/2019 13:13:23 (Std) 	[ImageManager] Started creation of Imageset from XML specification:
04/09/2019 13:13:23 (Std) 	[ImageManager] ---- CEGUI Imageset name: Icons18px
04/09/2019 13:13:23 (Std) 	[ImageManager] ---- Source texture file: icons-18px.png
04/09/2019 13:13:23 (Std) 	[ImageManager] ---- Source texture resource group: (Default)
04/09/2019 13:13:23 (Std) 	[OpenGLRenderer] Created texture: Icons18px
04/09/2019 13:13:23 (Std) 	[ImageManager] Created image: 'Icons18px/edit' (00000203401E0200) of type: BasicImage
04/09/2019 13:13:23 (Std) 	[ImageManager] Created image: 'Icons18px/back' (00000203401E1E20) of type: BasicImage
04/09/2019 13:13:23 (Std) 	[ImageManager] Created image: 'Icons18px/zoom' (00000203401E19A0) of type: BasicImage
04/09/2019 13:13:23 (Std) 	[ImageManager] Created image: 'Icons18px/close' (00000203401E0320) of type: BasicImage
04/09/2019 13:13:23 (Std) 	[ImageManager] Created image: 'Icons18px/config' (00000203401E09E0) of type: BasicImage
04/09/2019 13:13:23 (Std) 	[ImageManager] Created image: 'Icons18px/up' (00000203401E0B00) of type: BasicImage
04/09/2019 13:13:23 (Std) 	[ImageManager] Created image: 'Icons18px/down' (00000203401E0C20) of type: BasicImage
04/09/2019 13:13:23 (Std) 	[ImageManager] Created image: 'Icons18px/pin' (00000203401A6220) of type: BasicImage
04/09/2019 13:13:23 (Std) 	[ImageManager] Created image: 'Icons18px/directory' (00000203401A7D20) of type: BasicImage
04/09/2019 13:13:23 (Std) 	[ImageManager] Created image: 'Icons18px/settings' (00000203401A5EC0) of type: BasicImage
04/09/2019 13:13:23 (Std) 	[ImageManager] Created image: 'Icons18px/info' (00000203401A6100) of type: BasicImage
04/09/2019 13:13:23 (Std) 	[ImageManager] Created image: 'Icons18px/home' (00000203401A6340) of type: BasicImage
04/09/2019 13:13:23 (Std) 	[ImageManager] Created image: 'Icons18px/right' (00000203401A79C0) of type: BasicImage
04/09/2019 13:13:23 (Std) 	[ImageManager] Created image: 'Icons18px/left' (00000203401A6C40) of type: BasicImage
04/09/2019 13:13:23 (Std) 	[ImageManager] Created image: 'Icons18px/camera' (00000203401A7780) of type: BasicImage
04/09/2019 13:13:23 (Std) 	[ImageManager] Created image: 'Icons18px/poweroff' (00000203401A6A00) of type: BasicImage
04/09/2019 13:13:23 (Std) 	[ImageManager] Created image: 'Icons18px/save' (00000203401A7420) of type: BasicImage
04/09/2019 13:13:23 (Std) 	[ImageManager] Created image: 'Icons18px/sel_all' (00000203401A6460) of type: BasicImage
04/09/2019 13:13:23 (Std) 	[ImageManager] Created image: 'Icons18px/cube' (00000203401A6D60) of type: BasicImage
04/09/2019 13:13:23 (Std) 	[ImageManager] Created image: 'Icons18px/stop' (00000203401A67C0) of type: BasicImage
04/09/2019 13:13:23 (Std) 	[ImageManager] Created image: 'Icons18px/pause' (00000203401A68E0) of type: BasicImage
04/09/2019 13:13:23 (Std) 	[ImageManager] Created image: 'Icons18px/file' (00000203401A6B20) of type: BasicImage
04/09/2019 13:13:23 (Std) 	[ImageManager] Created image: 'Icons18px/sync' (00000203401A78A0) of type: BasicImage
04/09/2019 13:13:23 (Std) 	[ImageManager] Created image: 'Icons18px/add' (00000203401A6E80) of type: BasicImage
04/09/2019 13:13:23 (Std) 	[ImageManager] Created image: 'Icons18px/download' (00000203401A66A0) of type: BasicImage
04/09/2019 13:13:23 (Std) 	[ImageManager] Created image: 'Icons18px/upload' (00000203401A7C00) of type: BasicImage
04/09/2019 13:13:23 (Std) 	[ImageManager] Created image: 'Icons18px/sel_none' (00000203401A6580) of type: BasicImage
04/09/2019 13:13:23 (Std) 	[ImageManager] Created image: 'Icons18px/remove' (00000203401A7540) of type: BasicImage
04/09/2019 13:13:23 (Std) 	[ImageManager] Created image: 'Icons18px/check' (00000203401A7AE0) of type: BasicImage
04/09/2019 13:13:23 (Std) 	===== Falagard 'root' element: look and feel parsing begins =====
04/09/2019 13:13:23 (Warn)	Type 'VerticalTextFormat' wasn't recognized in property definition (name: 'LabelFormatVertical').
04/09/2019 13:13:23 (Warn)	Type 'HorizontalTextFormat' wasn't recognized in property definition (name: 'LabelFormatHorizontal').
04/09/2019 13:13:23 (Warn)	Type 'VerticalTextFormat' wasn't recognized in property definition (name: 'LabelFormatVertical').
04/09/2019 13:13:23 (Warn)	Type 'HorizontalTextFormat' wasn't recognized in property definition (name: 'LabelFormatHorizontal').
04/09/2019 13:13:23 (Warn)	Type 'VerticalTextFormat' wasn't recognized in property definition (name: 'LabelFormatVertical').
04/09/2019 13:13:23 (Warn)	Type 'HorizontalTextFormat' wasn't recognized in property definition (name: 'LabelFormatHorizontal').
04/09/2019 13:13:23 (Warn)	Type 'VerticalTextFormat' wasn't recognized in property definition (name: 'LabelFormatVertical').
04/09/2019 13:13:23 (Warn)	Type 'HorizontalTextFormat' wasn't recognized in property definition (name: 'LabelFormatHorizontal').
04/09/2019 13:13:23 (Std) 	===== Look and feel parsing completed =====
04/09/2019 13:13:23 (Std) 	No window renderer factories specified for module 'CEGUICoreWindowRendererSet' - adding all available factories...
04/09/2019 13:13:23 (Std) 	Created WindowRendererFactory for 'Core/Button' WindowRenderers.
04/09/2019 13:13:23 (Std) 	WindowRendererFactory 'Core/Button' added. (000002034025B920)
04/09/2019 13:13:23 (Std) 	Created WindowRendererFactory for 'Core/Default' WindowRenderers.
04/09/2019 13:13:23 (Std) 	WindowRendererFactory 'Core/Default' added. (000002034025AD20)
04/09/2019 13:13:23 (Std) 	Created WindowRendererFactory for 'Core/Editbox' WindowRenderers.
04/09/2019 13:13:23 (Std) 	WindowRendererFactory 'Core/Editbox' added. (000002034025B620)
04/09/2019 13:13:23 (Std) 	Created WindowRendererFactory for 'Core/FrameWindow' WindowRenderers.
04/09/2019 13:13:23 (Std) 	WindowRendererFactory 'Core/FrameWindow' added. (000002034025B6E0)
04/09/2019 13:13:23 (Std) 	Created WindowRendererFactory for 'Core/ItemEntry' WindowRenderers.
04/09/2019 13:13:23 (Std) 	WindowRendererFactory 'Core/ItemEntry' added. (0000020340259E20)
04/09/2019 13:13:23 (Std) 	Created WindowRendererFactory for 'Core/ListHeader' WindowRenderers.
04/09/2019 13:13:23 (Std) 	WindowRendererFactory 'Core/ListHeader' added. (000002034025A660)
04/09/2019 13:13:23 (Std) 	Created WindowRendererFactory for 'Core/ListHeaderSegment' WindowRenderers.
04/09/2019 13:13:23 (Std) 	WindowRendererFactory 'Core/ListHeaderSegment' added. (000002034025B020)
04/09/2019 13:13:23 (Std) 	Created WindowRendererFactory for 'Core/Listbox' WindowRenderers.
04/09/2019 13:13:23 (Std) 	WindowRendererFactory 'Core/Listbox' added. (000002034025AAE0)
04/09/2019 13:13:23 (Std) 	Created WindowRendererFactory for 'Core/Menubar' WindowRenderers.
04/09/2019 13:13:23 (Std) 	WindowRendererFactory 'Core/Menubar' added. (000002034025B0E0)
04/09/2019 13:13:23 (Std) 	Created WindowRendererFactory for 'Core/MenuItem' WindowRenderers.
04/09/2019 13:13:23 (Std) 	WindowRendererFactory 'Core/MenuItem' added. (000002034025ADE0)
04/09/2019 13:13:23 (Std) 	Created WindowRendererFactory for 'Core/MultiColumnList' WindowRenderers.
04/09/2019 13:13:23 (Std) 	WindowRendererFactory 'Core/MultiColumnList' added. (000002034025B320)
04/09/2019 13:13:23 (Std) 	Created WindowRendererFactory for 'Core/MultiLineEditbox' WindowRenderers.
04/09/2019 13:13:23 (Std) 	WindowRendererFactory 'Core/MultiLineEditbox' added. (000002034025B260)
04/09/2019 13:13:23 (Std) 	Created WindowRendererFactory for 'Core/PopupMenu' WindowRenderers.
04/09/2019 13:13:23 (Std) 	WindowRendererFactory 'Core/PopupMenu' added. (000002034025A8A0)
04/09/2019 13:13:23 (Std) 	Created WindowRendererFactory for 'Core/ProgressBar' WindowRenderers.
04/09/2019 13:13:23 (Std) 	WindowRendererFactory 'Core/ProgressBar' added. (000002034025A2A0)
04/09/2019 13:13:23 (Std) 	Created WindowRendererFactory for 'Core/ScrollablePane' WindowRenderers.
04/09/2019 13:13:23 (Std) 	WindowRendererFactory 'Core/ScrollablePane' added. (000002034025A420)
04/09/2019 13:13:23 (Std) 	Created WindowRendererFactory for 'Core/Scrollbar' WindowRenderers.
04/09/2019 13:13:23 (Std) 	WindowRendererFactory 'Core/Scrollbar' added. (000002034025B3E0)
04/09/2019 13:13:23 (Std) 	Created WindowRendererFactory for 'Core/Slider' WindowRenderers.
04/09/2019 13:13:23 (Std) 	WindowRendererFactory 'Core/Slider' added. (0000020340259EE0)
04/09/2019 13:13:23 (Std) 	Created WindowRendererFactory for 'Core/Static' WindowRenderers.
04/09/2019 13:13:23 (Std) 	WindowRendererFactory 'Core/Static' added. (000002034025A060)
04/09/2019 13:13:23 (Std) 	Created WindowRendererFactory for 'Core/StaticImage' WindowRenderers.
04/09/2019 13:13:23 (Std) 	WindowRendererFactory 'Core/StaticImage' added. (000002034025B560)
04/09/2019 13:13:23 (Std) 	Created WindowRendererFactory for 'Core/StaticText' WindowRenderers.
04/09/2019 13:13:23 (Std) 	WindowRendererFactory 'Core/StaticText' added. (0000020340259FA0)
04/09/2019 13:13:23 (Std) 	Created WindowRendererFactory for 'Core/TabButton' WindowRenderers.
04/09/2019 13:13:23 (Std) 	WindowRendererFactory 'Core/TabButton' added. (000002034025ABA0)
04/09/2019 13:13:23 (Std) 	Created WindowRendererFactory for 'Core/TabControl' WindowRenderers.
04/09/2019 13:13:23 (Std) 	WindowRendererFactory 'Core/TabControl' added. (000002034025AEA0)
04/09/2019 13:13:23 (Std) 	Created WindowRendererFactory for 'Core/Titlebar' WindowRenderers.
04/09/2019 13:13:23 (Std) 	WindowRendererFactory 'Core/Titlebar' added. (000002034025B4A0)
04/09/2019 13:13:23 (Std) 	Created WindowRendererFactory for 'Core/ToggleButton' WindowRenderers.
04/09/2019 13:13:23 (Std) 	WindowRendererFactory 'Core/ToggleButton' added. (000002034025B7A0)
04/09/2019 13:13:23 (Std) 	Created WindowRendererFactory for 'Core/Tooltip' WindowRenderers.
04/09/2019 13:13:23 (Std) 	WindowRendererFactory 'Core/Tooltip' added. (000002034025B860)
04/09/2019 13:13:23 (Std) 	Created WindowRendererFactory for 'Core/ItemListbox' WindowRenderers.
04/09/2019 13:13:23 (Std) 	WindowRendererFactory 'Core/ItemListbox' added. (000002034025B9E0)
04/09/2019 13:13:23 (Std) 	Created WindowRendererFactory for 'Core/Tree' WindowRenderers.
04/09/2019 13:13:23 (Std) 	WindowRendererFactory 'Core/Tree' added. (000002034025A720)
04/09/2019 13:13:23 (Std) 	Creating falagard mapping for type 'DarkHiro/Panel' using base type 'DefaultWindow', window renderer 'Core/Default' Look'N'Feel 'DarkHiro/Panel' and RenderEffect ''. (00000060555EC5E0)
04/09/2019 13:13:23 (Std) 	Creating falagard mapping for type 'DarkHiro/SeparatorHor' using base type 'DefaultWindow', window renderer 'Core/Default' Look'N'Feel 'DarkHiro/SeparatorHor' and RenderEffect ''. (00000060555EC5E0)
04/09/2019 13:13:23 (Std) 	Creating falagard mapping for type 'DarkHiro/SeparatorVer' using base type 'DefaultWindow', window renderer 'Core/Default' Look'N'Feel 'DarkHiro/SeparatorVer' and RenderEffect ''. (00000060555EC5E0)
04/09/2019 13:13:23 (Std) 	Creating falagard mapping for type 'DarkHiro/Label' using base type 'DefaultWindow', window renderer 'Core/Default' Look'N'Feel 'DarkHiro/Label' and RenderEffect ''. (00000060555EC5E0)
04/09/2019 13:13:23 (Std) 	Creating falagard mapping for type 'DarkHiro/PushButton' using base type 'CEGUI/PushButton', window renderer 'Core/Button' Look'N'Feel 'DarkHiro/PushButton' and RenderEffect ''. (00000060555EC5E0)
04/09/2019 13:13:23 (Std) 	Creating falagard mapping for type 'DarkHiro/TouchPushButton' using base type 'CEGUI/PushButton', window renderer 'Core/Button' Look'N'Feel 'DarkHiro/TouchPushButton' and RenderEffect ''. (00000060555EC5E0)
04/09/2019 13:13:23 (Std) 	Creating falagard mapping for type 'DarkHiro/ToggleButton' using base type 'CEGUI/ToggleButton', window renderer 'Core/ToggleButton' Look'N'Feel 'DarkHiro/ToggleButton' and RenderEffect ''. (00000060555EC5E0)
04/09/2019 13:13:23 (Std) 	Creating falagard mapping for type 'DarkHiro/ToggleSlider' using base type 'CEGUI/ToggleButton', window renderer 'Core/ToggleButton' Look'N'Feel 'DarkHiro/ToggleSlider' and RenderEffect ''. (00000060555EC5E0)
04/09/2019 13:13:23 (Std) 	Creating falagard mapping for type 'DarkHiro/Checkbox' using base type 'CEGUI/ToggleButton', window renderer 'Core/ToggleButton' Look'N'Feel 'DarkHiro/Checkbox' and RenderEffect ''. (00000060555EC5E0)
04/09/2019 13:13:23 (Std) 	Creating falagard mapping for type 'DarkHiro/Editbox' using base type 'CEGUI/Editbox', window renderer 'Core/Editbox' Look'N'Feel 'DarkHiro/Editbox' and RenderEffect ''. (00000060555EC5E0)
04/09/2019 13:13:23 (Std) 	Creating falagard mapping for type 'DarkHiro/Thumb' using base type 'CEGUI/Thumb', window renderer 'Core/Button' Look'N'Feel 'DarkHiro/Thumb' and RenderEffect ''. (00000060555EC5E0)
04/09/2019 13:13:23 (Std) 	Creating falagard mapping for type 'DarkHiro/Slider' using base type 'CEGUI/Slider', window renderer 'Core/Slider' Look'N'Feel 'DarkHiro/Slider' and RenderEffect ''. (00000060555EC5E0)
04/09/2019 13:13:23 (Std) 	Creating falagard mapping for type 'DarkHiro/ScrollHandle' using base type 'CEGUI/Thumb', window renderer 'Core/Button' Look'N'Feel 'DarkHiro/ScrollHandle' and RenderEffect ''. (00000060555EC5E0)
04/09/2019 13:13:23 (Std) 	Creating falagard mapping for type 'DarkHiro/ScrollbarVer' using base type 'CEGUI/Scrollbar', window renderer 'Core/Scrollbar' Look'N'Feel 'DarkHiro/ScrollbarVer' and RenderEffect ''. (00000060555EC5E0)
04/09/2019 13:13:23 (Std) 	Creating falagard mapping for type 'DarkHiro/ScrollbarHor' using base type 'CEGUI/Scrollbar', window renderer 'Core/Scrollbar' Look'N'Feel 'DarkHiro/ScrollbarHor' and RenderEffect ''. (00000060555EC5E0)
04/09/2019 13:13:23 (Std) 	Creating falagard mapping for type 'DarkHiro/ScrollablePanel' using base type 'CEGUI/ScrollablePane', window renderer 'Core/ScrollablePane' Look'N'Feel 'DarkHiro/ScrollablePanel' and RenderEffect ''. (00000060555EC5E0)
04/09/2019 13:13:23 (Std) 	Creating falagard mapping for type 'DarkHiro/ScrollPanelTouch' using base type 'CEGUI/ScrollablePane', window renderer 'Core/ScrollablePane' Look'N'Feel 'DarkHiro/ScrollPanelTouch' and RenderEffect ''. (00000060555EC5E0)
04/09/2019 13:13:23 (Std) 	Creating falagard mapping for type 'DarkHiro/VertScrollPanel' using base type 'CEGUI/ScrollablePane', window renderer 'Core/ScrollablePane' Look'N'Feel 'DarkHiro/VertScrollPanel' and RenderEffect ''. (00000060555EC5E0)
04/09/2019 13:13:23 (Std) 	Creating falagard mapping for type 'DarkHiro/StaticImage' using base type 'DefaultWindow', window renderer 'Core/StaticImage' Look'N'Feel 'DarkHiro/StaticImage' and RenderEffect ''. (00000060555EC5E0)
04/09/2019 13:13:23 (Std) 	Creating falagard mapping for type 'DarkHiro/WaitCircle' using base type 'DefaultWindow', window renderer 'Core/Default' Look'N'Feel 'DarkHiro/WaitCircle' and RenderEffect ''. (00000060555EC5E0)
04/09/2019 13:13:23 (Std) 	Creating falagard mapping for type 'DarkHiro/ColorRect' using base type 'DefaultWindow', window renderer 'Core/Default' Look'N'Feel 'DarkHiro/ColorRect' and RenderEffect ''. (00000060555EC5E0)
04/09/2019 13:13:23 (Std) 	Creating falagard mapping for type 'DarkHiro/Spinner' using base type 'CEGUI/Spinner', window renderer 'Core/Default' Look'N'Feel 'DarkHiro/Spinner' and RenderEffect ''. (00000060555EC5E0)
04/09/2019 13:13:23 (Std) 	Creating falagard mapping for type 'DarkHiro/ItemListbox' using base type 'CEGUI/ItemListbox', window renderer 'Core/ItemListbox' Look'N'Feel 'DarkHiro/Listbox' and RenderEffect ''. (00000060555EC5E0)
04/09/2019 13:13:23 (Std) 	Creating falagard mapping for type 'DarkHiro/ListboxItem' using base type 'CEGUI/ItemEntry', window renderer 'Core/ItemEntry' Look'N'Feel 'DarkHiro/ListboxItem' and RenderEffect ''. (00000060555EC5E0)
04/09/2019 13:13:23 (Std) 	Creating falagard mapping for type 'DarkHiro/ComboDropList' using base type 'CEGUI/ComboDropList', window renderer 'Core/Listbox' Look'N'Feel 'DarkHiro/Listbox' and RenderEffect ''. (00000060555EC5E0)
04/09/2019 13:13:23 (Std) 	Creating falagard mapping for type 'DarkHiro/ComboEditbox' using base type 'CEGUI/Editbox', window renderer 'Core/Editbox' Look'N'Feel 'DarkHiro/ComboEditbox' and RenderEffect ''. (00000060555EC5E0)
04/09/2019 13:13:23 (Std) 	Creating falagard mapping for type 'DarkHiro/ComboButton' using base type 'CEGUI/PushButton', window renderer 'Core/Button' Look'N'Feel 'DarkHiro/ComboButton' and RenderEffect ''. (00000060555EC5E0)
04/09/2019 13:13:23 (Std) 	Creating falagard mapping for type 'DarkHiro/Combobox' using base type 'CEGUI/Combobox', window renderer 'Core/Default' Look'N'Feel 'DarkHiro/Combobox' and RenderEffect ''. (00000060555EC5E0)
04/09/2019 13:13:23 (Std) 	Creating falagard mapping for type 'DarkHiro/ProgressBar' using base type 'CEGUI/ProgressBar', window renderer 'Core/ProgressBar' Look'N'Feel 'DarkHiro/ProgressBar' and RenderEffect ''. (00000060555EC5E0)
04/09/2019 13:13:23 (Std) 	Creating falagard mapping for type 'DarkHiro/FrameWindow' using base type 'CEGUI/FrameWindow', window renderer 'Core/FrameWindow' Look'N'Feel 'DarkHiro/FrameWindow' and RenderEffect ''. (00000060555EC5E0)
04/09/2019 13:13:23 (Std) 	Creating falagard mapping for type 'DarkHiro/Titlebar' using base type 'CEGUI/Titlebar', window renderer 'Core/Titlebar' Look'N'Feel 'DarkHiro/Titlebar' and RenderEffect ''. (00000060555EC5E0)
04/09/2019 13:13:23 (Std) 	Creating falagard mapping for type 'DarkHiro/StaticText' using base type 'DefaultWindow', window renderer 'Core/StaticText' Look'N'Feel 'DarkHiro/StaticText' and RenderEffect ''. (00000060555EC5E0)
04/09/2019 13:13:23 (Std) 	Creating falagard mapping for type 'DarkHiro/Tooltip' using base type 'CEGUI/Tooltip', window renderer 'Core/Tooltip' Look'N'Feel 'DarkHiro/Tooltip' and RenderEffect ''. (00000060555EC5E0)
04/09/2019 13:13:23 (Std) 	Creating falagard mapping for type 'DarkHiro/ArrayPanel' using base type 'DefaultWindow', window renderer 'Core/Default' Look'N'Feel 'DarkHiro/ArrayPanel' and RenderEffect ''. (00000060555EC5E0)
04/09/2019 13:13:23 (Std) 	Creating falagard mapping for type 'DarkHiro/StatusIcon' using base type 'DefaultWindow', window renderer 'Core/Default' Look'N'Feel 'DarkHiro/StatusIcon' and RenderEffect ''. (00000060555EC5E0)
04/09/2019 13:13:23 (Std) 	Created WindowFactory for 'WaitCircle' windows.
04/09/2019 13:13:23 (Std) 	WindowFactory for 'WaitCircle' windows added. (000002034025B1A0)
04/09/2019 13:13:23 (Std) 	Removing falagard mapping for type 'DarkHiro/WaitCircle'.
04/09/2019 13:13:23 (Std) 	Creating falagard mapping for type 'DarkHiro/WaitCircle' using base type 'WaitCircle', window renderer 'Core/Default' Look'N'Feel 'DarkHiro/WaitCircle' and RenderEffect ''. (00000060555EE0C0)
04/09/2019 13:13:23 (Std) 	Created WindowFactory for 'DarkHiro/ArrayPanel' windows.
04/09/2019 13:13:23 (Std) 	WindowFactory for 'DarkHiro/ArrayPanel' windows added. (000002034025A4E0)
04/09/2019 13:13:23 (Std) 	Removing falagard mapping for type 'DarkHiro/ArrayPanel'.
04/09/2019 13:13:23 (Std) 	Creating falagard mapping for type 'DarkHiro/ArrayPanel' using base type 'DarkHiro/ArrayPanel', window renderer 'Core/Default' Look'N'Feel 'DarkHiro/ArrayPanel' and RenderEffect ''. (00000060555EE0C0)
04/09/2019 13:13:23 (Std) 	Created WindowFactory for 'DarkHiro/StatusIcon' windows.
04/09/2019 13:13:23 (Std) 	WindowFactory for 'DarkHiro/StatusIcon' windows added. (000002034025A120)
04/09/2019 13:13:23 (Std) 	Removing falagard mapping for type 'DarkHiro/StatusIcon'.
04/09/2019 13:13:23 (Std) 	Creating falagard mapping for type 'DarkHiro/StatusIcon' using base type 'DarkHiro/StatusIcon', window renderer 'Core/Default' Look'N'Feel 'DarkHiro/StatusIcon' and RenderEffect ''. (00000060555EE0C0)
04/09/2019 13:13:23 (Std) 	Created WindowFactory for 'DarkHiro/Combobox' windows.
04/09/2019 13:13:23 (Std) 	WindowFactory for 'DarkHiro/Combobox' windows added. (000002034025BAA0)
04/09/2019 13:13:23 (Std) 	Window type alias named 'CEGUI/Combobox' added for window type 'DarkHiro/Combobox'.
04/09/2019 13:13:23 (Std) 	Created WindowFactory for 'DarkHiro/Editbox' windows.
04/09/2019 13:13:23 (Std) 	WindowFactory for 'DarkHiro/Editbox' windows added. (000002034025BB60)
04/09/2019 13:13:23 (Std) 	Window type alias named 'CEGUI/Editbox' added for window type 'DarkHiro/Editbox'.
04/09/2019 13:13:23 (Std) 	---- Successfully completed loading of GUI layout from string ----
04/09/2019 13:13:23 (Std) 	[OpenGLRenderer] Created texture: InriaSans-9-Normal_auto_glyph_images_0
04/09/2019 13:13:23 (Std) 	---- Successfully completed loading of GUI layout from string ----
04/09/2019 13:13:23 (Std) 	---- Successfully completed loading of GUI layout from 'SidePanel.layout' ----
04/09/2019 13:13:23 (Std) 	---- Successfully completed loading of GUI layout from string ----
04/09/2019 13:13:23 (Std) 	[OpenGLRenderer] Created texture: _ogl_tt_tex_0
04/09/2019 13:13:24 (Std) 	---- Successfully completed loading of GUI layout from string ----
04/09/2019 13:13:24 (Std) 	Display resize: w=1458 h=839
04/09/2019 13:13:24 (Std) 	---- Successfully completed loading of GUI layout from 'SidePanel.layout' ----
04/09/2019 13:13:24 (Std) 	[OpenGLRenderer] Created texture: InriaSans-10-Bold_auto_glyph_images_0
